<?xml version="1.0" encoding="UTF-8"?>
<!-- Generated by org.testng.reporters.JUnitXMLReporter -->
<testsuite ignored="0" hostname="DESKTOP-C5G8IV3" failures="0" tests="9" name="Web test" time="92.954" errors="0" timestamp="24 Feb 2022 12:09:11 GMT">
  <testcase classname="LoginTest" name="LoginOnlyMail" time="4.199"/>
  <testcase classname="SearchTest" name="EmptySearch" time="3.597"/>
  <testcase classname="ItemTest" name="FavoriteItem" time="10.063"/>
  <testcase classname="LoginTest" name="LoginOnlyPassword" time="2.148"/>
  <testcase classname="SearchTest" name="RandomTextSearch" time="3.735"/>
  <testcase classname="ItemTest" name="CompareItem" time="8.055"/>
  <testcase classname="LoginTest" name="LoginIncorrectCredentials" time="4.47"/>
  <testcase classname="SearchTest" name="ItemSearch" time="6.878"/>
  <testcase classname="ItemTest" name="AddItemToCart" time="6.106"/>
</testsuite> <!-- Web test -->
